{"/Users/cadenza/Documents/FEC/CadenQuestionsAnswers/client/components/AnswerContainer.jsx": {"path":"/Users/cadenza/Documents/FEC/CadenQuestionsAnswers/client/components/AnswerContainer.jsx","statementMap":{"0":{"start":{"line":5,"column":12},"end":{"line":8,"column":1}},"1":{"start":{"line":10,"column":18},"end":{"line":13,"column":1}},"2":{"start":{"line":14,"column":15},"end":{"line":18,"column":1}},"3":{"start":{"line":19,"column":23},"end":{"line":26,"column":1}},"4":{"start":{"line":27,"column":10},"end":{"line":31,"column":1}},"5":{"start":{"line":35,"column":4},"end":{"line":35,"column":16}},"6":{"start":{"line":37,"column":4},"end":{"line":42,"column":5}},"7":{"start":{"line":46,"column":18},"end":{"line":46,"column":67}},"8":{"start":{"line":47,"column":4},"end":{"line":49,"column":5}},"9":{"start":{"line":48,"column":26},"end":{"line":48,"column":59}},"10":{"start":{"line":53,"column":4},"end":{"line":53,"column":52}},"11":{"start":{"line":54,"column":4},"end":{"line":54,"column":33}},"12":{"start":{"line":55,"column":21},"end":{"line":55,"column":50}},"13":{"start":{"line":56,"column":4},"end":{"line":56,"column":27}},"14":{"start":{"line":60,"column":4},"end":{"line":69,"column":5}},"15":{"start":{"line":61,"column":6},"end":{"line":61,"column":13}},"16":{"start":{"line":63,"column":6},"end":{"line":68,"column":7}},"17":{"start":{"line":73,"column":4},"end":{"line":73,"column":29}},"18":{"start":{"line":74,"column":4},"end":{"line":74,"column":34}},"19":{"start":{"line":75,"column":21},"end":{"line":75,"column":50}},"20":{"start":{"line":76,"column":4},"end":{"line":76,"column":28}},"21":{"start":{"line":81,"column":4},"end":{"line":86,"column":5}},"22":{"start":{"line":82,"column":6},"end":{"line":85,"column":7}},"23":{"start":{"line":87,"column":4},"end":{"line":110,"column":5}},"24":{"start":{"line":88,"column":6},"end":{"line":92,"column":7}},"25":{"start":{"line":93,"column":11},"end":{"line":110,"column":5}},"26":{"start":{"line":94,"column":6},"end":{"line":99,"column":7}},"27":{"start":{"line":101,"column":6},"end":{"line":109,"column":7}}},"fnMap":{"0":{"name":"(anonymous_0)","decl":{"start":{"line":34,"column":2},"end":{"line":34,"column":3}},"loc":{"start":{"line":34,"column":21},"end":{"line":43,"column":3}},"line":34},"1":{"name":"(anonymous_1)","decl":{"start":{"line":45,"column":2},"end":{"line":45,"column":3}},"loc":{"start":{"line":45,"column":18},"end":{"line":50,"column":3}},"line":45},"2":{"name":"(anonymous_2)","decl":{"start":{"line":48,"column":16},"end":{"line":48,"column":17}},"loc":{"start":{"line":48,"column":26},"end":{"line":48,"column":59}},"line":48},"3":{"name":"(anonymous_3)","decl":{"start":{"line":52,"column":2},"end":{"line":52,"column":3}},"loc":{"start":{"line":52,"column":18},"end":{"line":57,"column":3}},"line":52},"4":{"name":"(anonymous_4)","decl":{"start":{"line":59,"column":2},"end":{"line":59,"column":3}},"loc":{"start":{"line":59,"column":21},"end":{"line":70,"column":3}},"line":59},"5":{"name":"(anonymous_5)","decl":{"start":{"line":72,"column":2},"end":{"line":72,"column":3}},"loc":{"start":{"line":72,"column":20},"end":{"line":77,"column":3}},"line":72},"6":{"name":"(anonymous_6)","decl":{"start":{"line":80,"column":2},"end":{"line":80,"column":3}},"loc":{"start":{"line":80,"column":11},"end":{"line":111,"column":3}},"line":80}},"branchMap":{"0":{"loc":{"start":{"line":60,"column":4},"end":{"line":69,"column":5}},"type":"if","locations":[{"start":{"line":60,"column":4},"end":{"line":69,"column":5}},{"start":{"line":60,"column":4},"end":{"line":69,"column":5}}],"line":60},"1":{"loc":{"start":{"line":81,"column":4},"end":{"line":86,"column":5}},"type":"if","locations":[{"start":{"line":81,"column":4},"end":{"line":86,"column":5}},{"start":{"line":81,"column":4},"end":{"line":86,"column":5}}],"line":81},"2":{"loc":{"start":{"line":87,"column":4},"end":{"line":110,"column":5}},"type":"if","locations":[{"start":{"line":87,"column":4},"end":{"line":110,"column":5}},{"start":{"line":87,"column":4},"end":{"line":110,"column":5}}],"line":87},"3":{"loc":{"start":{"line":93,"column":11},"end":{"line":110,"column":5}},"type":"if","locations":[{"start":{"line":93,"column":11},"end":{"line":110,"column":5}},{"start":{"line":93,"column":11},"end":{"line":110,"column":5}}],"line":93}},"s":{"0":1,"1":1,"2":1,"3":1,"4":1,"5":0,"6":0,"7":0,"8":0,"9":0,"10":0,"11":0,"12":0,"13":0,"14":0,"15":0,"16":0,"17":0,"18":0,"19":0,"20":0,"21":0,"22":0,"23":0,"24":0,"25":0,"26":0,"27":0},"f":{"0":0,"1":0,"2":0,"3":0,"4":0,"5":0,"6":0},"b":{"0":[0,0],"1":[0,0],"2":[0,0],"3":[0,0]},"_coverageSchema":"332fd63041d2c1bcb487cc26dd0d5f7d97098a6c","hash":"d049fb71d6fb6c155528b2e1d05c3224cb05ade8"}
,"/Users/cadenza/Documents/FEC/CadenQuestionsAnswers/client/components/AnswersList.jsx": {"path":"/Users/cadenza/Documents/FEC/CadenQuestionsAnswers/client/components/AnswersList.jsx","statementMap":{"0":{"start":{"line":5,"column":12},"end":{"line":9,"column":1}},"1":{"start":{"line":11,"column":19},"end":{"line":14,"column":1}},"2":{"start":{"line":17,"column":20},"end":{"line":26,"column":1}},"3":{"start":{"line":18,"column":2},"end":{"line":25,"column":3}}},"fnMap":{"0":{"name":"(anonymous_0)","decl":{"start":{"line":17,"column":20},"end":{"line":17,"column":21}},"loc":{"start":{"line":17,"column":31},"end":{"line":26,"column":1}},"line":17}},"branchMap":{},"s":{"0":1,"1":1,"2":1,"3":0},"f":{"0":0},"b":{},"_coverageSchema":"332fd63041d2c1bcb487cc26dd0d5f7d97098a6c","hash":"e30c402faeb6db786efa111b50725c1019800c8b"}
,"/Users/cadenza/Documents/FEC/CadenQuestionsAnswers/client/components/App.jsx": {"path":"/Users/cadenza/Documents/FEC/CadenQuestionsAnswers/client/components/App.jsx","statementMap":{"0":{"start":{"line":7,"column":21},"end":{"line":11,"column":1}},"1":{"start":{"line":12,"column":11},"end":{"line":16,"column":1}},"2":{"start":{"line":18,"column":12},"end":{"line":23,"column":1}},"3":{"start":{"line":27,"column":4},"end":{"line":27,"column":11}},"4":{"start":{"line":29,"column":4},"end":{"line":33,"column":5}},"5":{"start":{"line":34,"column":4},"end":{"line":34,"column":27}},"6":{"start":{"line":38,"column":4},"end":{"line":38,"column":25}},"7":{"start":{"line":39,"column":4},"end":{"line":51,"column":6}},"8":{"start":{"line":40,"column":6},"end":{"line":42,"column":8}},"9":{"start":{"line":41,"column":8},"end":{"line":41,"column":26}},"10":{"start":{"line":43,"column":6},"end":{"line":47,"column":8}},"11":{"start":{"line":50,"column":6},"end":{"line":50,"column":63}},"12":{"start":{"line":55,"column":4},"end":{"line":64,"column":6}},"13":{"start":{"line":56,"column":6},"end":{"line":60,"column":8}},"14":{"start":{"line":63,"column":6},"end":{"line":63,"column":61}},"15":{"start":{"line":68,"column":4},"end":{"line":84,"column":5}},"16":{"start":{"line":69,"column":6},"end":{"line":75,"column":7}},"17":{"start":{"line":73,"column":56},"end":{"line":73,"column":224}},"18":{"start":{"line":77,"column":6},"end":{"line":83,"column":7}}},"fnMap":{"0":{"name":"(anonymous_0)","decl":{"start":{"line":26,"column":2},"end":{"line":26,"column":3}},"loc":{"start":{"line":26,"column":16},"end":{"line":35,"column":3}},"line":26},"1":{"name":"(anonymous_1)","decl":{"start":{"line":37,"column":2},"end":{"line":37,"column":3}},"loc":{"start":{"line":37,"column":20},"end":{"line":52,"column":3}},"line":37},"2":{"name":"(anonymous_2)","decl":{"start":{"line":39,"column":78},"end":{"line":39,"column":79}},"loc":{"start":{"line":39,"column":86},"end":{"line":48,"column":5}},"line":39},"3":{"name":"(anonymous_3)","decl":{"start":{"line":40,"column":21},"end":{"line":40,"column":22}},"loc":{"start":{"line":40,"column":31},"end":{"line":42,"column":7}},"line":40},"4":{"name":"(anonymous_4)","decl":{"start":{"line":49,"column":11},"end":{"line":49,"column":12}},"loc":{"start":{"line":49,"column":18},"end":{"line":51,"column":5}},"line":49},"5":{"name":"(anonymous_5)","decl":{"start":{"line":54,"column":2},"end":{"line":54,"column":3}},"loc":{"start":{"line":54,"column":18},"end":{"line":65,"column":3}},"line":54},"6":{"name":"(anonymous_6)","decl":{"start":{"line":55,"column":52},"end":{"line":55,"column":53}},"loc":{"start":{"line":55,"column":60},"end":{"line":61,"column":5}},"line":55},"7":{"name":"(anonymous_7)","decl":{"start":{"line":62,"column":11},"end":{"line":62,"column":12}},"loc":{"start":{"line":62,"column":18},"end":{"line":64,"column":5}},"line":62},"8":{"name":"(anonymous_8)","decl":{"start":{"line":67,"column":2},"end":{"line":67,"column":3}},"loc":{"start":{"line":67,"column":11},"end":{"line":85,"column":3}},"line":67},"9":{"name":"(anonymous_9)","decl":{"start":{"line":73,"column":36},"end":{"line":73,"column":37}},"loc":{"start":{"line":73,"column":56},"end":{"line":73,"column":224}},"line":73}},"branchMap":{"0":{"loc":{"start":{"line":68,"column":4},"end":{"line":84,"column":5}},"type":"if","locations":[{"start":{"line":68,"column":4},"end":{"line":84,"column":5}},{"start":{"line":68,"column":4},"end":{"line":84,"column":5}}],"line":68}},"s":{"0":1,"1":1,"2":1,"3":1,"4":1,"5":1,"6":1,"7":1,"8":0,"9":0,"10":0,"11":0,"12":1,"13":0,"14":0,"15":1,"16":0,"17":0,"18":1},"f":{"0":1,"1":1,"2":0,"3":0,"4":0,"5":1,"6":0,"7":0,"8":1,"9":0},"b":{"0":[0,1]},"_coverageSchema":"332fd63041d2c1bcb487cc26dd0d5f7d97098a6c","hash":"086411ffb752fc3ffc62da21a942d2705677217e"}
,"/Users/cadenza/Documents/FEC/CadenQuestionsAnswers/client/components/ExpandedAnswer.jsx": {"path":"/Users/cadenza/Documents/FEC/CadenQuestionsAnswers/client/components/ExpandedAnswer.jsx","statementMap":{"0":{"start":{"line":4,"column":18},"end":{"line":7,"column":1}},"1":{"start":{"line":9,"column":12},"end":{"line":11,"column":1}},"2":{"start":{"line":13,"column":23},"end":{"line":22,"column":1}},"3":{"start":{"line":14,"column":2},"end":{"line":21,"column":3}}},"fnMap":{"0":{"name":"(anonymous_0)","decl":{"start":{"line":13,"column":23},"end":{"line":13,"column":24}},"loc":{"start":{"line":13,"column":34},"end":{"line":22,"column":1}},"line":13}},"branchMap":{},"s":{"0":1,"1":1,"2":1,"3":0},"f":{"0":0},"b":{},"_coverageSchema":"332fd63041d2c1bcb487cc26dd0d5f7d97098a6c","hash":"4340171be1d4f4643b31b384e44683d71f50edea"}
,"/Users/cadenza/Documents/FEC/CadenQuestionsAnswers/client/components/Question.jsx": {"path":"/Users/cadenza/Documents/FEC/CadenQuestionsAnswers/client/components/Question.jsx","statementMap":{"0":{"start":{"line":4,"column":12},"end":{"line":8,"column":1}},"1":{"start":{"line":10,"column":17},"end":{"line":18,"column":1}},"2":{"start":{"line":13,"column":2},"end":{"line":17,"column":3}}},"fnMap":{"0":{"name":"(anonymous_0)","decl":{"start":{"line":10,"column":17},"end":{"line":10,"column":18}},"loc":{"start":{"line":10,"column":28},"end":{"line":18,"column":1}},"line":10}},"branchMap":{},"s":{"0":1,"1":1,"2":0},"f":{"0":0},"b":{},"_coverageSchema":"332fd63041d2c1bcb487cc26dd0d5f7d97098a6c","hash":"d79b8e9515059c697f11310820a45abbc35b97ad"}
,"/Users/cadenza/Documents/FEC/CadenQuestionsAnswers/client/components/QuestionAnswersPair.jsx": {"path":"/Users/cadenza/Documents/FEC/CadenQuestionsAnswers/client/components/QuestionAnswersPair.jsx","statementMap":{"0":{"start":{"line":6,"column":12},"end":{"line":10,"column":1}},"1":{"start":{"line":12,"column":20},"end":{"line":14,"column":1}},"2":{"start":{"line":16,"column":21},"end":{"line":20,"column":1}},"3":{"start":{"line":23,"column":4},"end":{"line":23,"column":16}},"4":{"start":{"line":25,"column":4},"end":{"line":28,"column":5}},"5":{"start":{"line":32,"column":4},"end":{"line":42,"column":5}},"6":{"start":{"line":40,"column":66},"end":{"line":40,"column":111}}},"fnMap":{"0":{"name":"(anonymous_0)","decl":{"start":{"line":22,"column":2},"end":{"line":22,"column":3}},"loc":{"start":{"line":22,"column":21},"end":{"line":29,"column":3}},"line":22},"1":{"name":"(anonymous_1)","decl":{"start":{"line":31,"column":2},"end":{"line":31,"column":3}},"loc":{"start":{"line":31,"column":11},"end":{"line":43,"column":3}},"line":31},"2":{"name":"(anonymous_2)","decl":{"start":{"line":40,"column":56},"end":{"line":40,"column":57}},"loc":{"start":{"line":40,"column":66},"end":{"line":40,"column":111}},"line":40}},"branchMap":{},"s":{"0":1,"1":1,"2":1,"3":0,"4":0,"5":0,"6":0},"f":{"0":0,"1":0,"2":0},"b":{},"_coverageSchema":"332fd63041d2c1bcb487cc26dd0d5f7d97098a6c","hash":"672ebaec8a4e118aead85e7c6cb855fbd5504384"}
,"/Users/cadenza/Documents/FEC/CadenQuestionsAnswers/client/components/QuestionsAnswersVotesContainer.jsx": {"path":"/Users/cadenza/Documents/FEC/CadenQuestionsAnswers/client/components/QuestionsAnswersVotesContainer.jsx","statementMap":{"0":{"start":{"line":7,"column":12},"end":{"line":10,"column":1}},"1":{"start":{"line":15,"column":4},"end":{"line":15,"column":16}},"2":{"start":{"line":17,"column":4},"end":{"line":21,"column":5}},"3":{"start":{"line":25,"column":15},"end":{"line":25,"column":31}},"4":{"start":{"line":26,"column":4},"end":{"line":28,"column":5}},"5":{"start":{"line":27,"column":6},"end":{"line":27,"column":13}},"6":{"start":{"line":29,"column":4},"end":{"line":31,"column":5}},"7":{"start":{"line":30,"column":6},"end":{"line":30,"column":13}},"8":{"start":{"line":32,"column":4},"end":{"line":54,"column":6}},"9":{"start":{"line":35,"column":6},"end":{"line":35,"column":35}},"10":{"start":{"line":36,"column":6},"end":{"line":50,"column":8}},"11":{"start":{"line":37,"column":8},"end":{"line":49,"column":9}},"12":{"start":{"line":38,"column":10},"end":{"line":42,"column":12}},"13":{"start":{"line":43,"column":15},"end":{"line":49,"column":9}},"14":{"start":{"line":44,"column":10},"end":{"line":48,"column":12}},"15":{"start":{"line":51,"column":6},"end":{"line":51,"column":44}},"16":{"start":{"line":53,"column":6},"end":{"line":53,"column":51}},"17":{"start":{"line":58,"column":4},"end":{"line":65,"column":5}},"18":{"start":{"line":59,"column":6},"end":{"line":63,"column":8}},"19":{"start":{"line":64,"column":6},"end":{"line":64,"column":50}},"20":{"start":{"line":69,"column":4},"end":{"line":76,"column":5}},"21":{"start":{"line":70,"column":6},"end":{"line":74,"column":8}},"22":{"start":{"line":75,"column":6},"end":{"line":75,"column":51}},"23":{"start":{"line":80,"column":4},"end":{"line":84,"column":5}},"24":{"start":{"line":81,"column":6},"end":{"line":81,"column":54}},"25":{"start":{"line":82,"column":11},"end":{"line":84,"column":5}},"26":{"start":{"line":83,"column":6},"end":{"line":83,"column":56}},"27":{"start":{"line":88,"column":4},"end":{"line":100,"column":5}},"28":{"start":{"line":89,"column":6},"end":{"line":94,"column":7}},"29":{"start":{"line":96,"column":6},"end":{"line":99,"column":7}}},"fnMap":{"0":{"name":"(anonymous_0)","decl":{"start":{"line":14,"column":2},"end":{"line":14,"column":3}},"loc":{"start":{"line":14,"column":21},"end":{"line":22,"column":3}},"line":14},"1":{"name":"(anonymous_1)","decl":{"start":{"line":24,"column":2},"end":{"line":24,"column":3}},"loc":{"start":{"line":24,"column":26},"end":{"line":55,"column":3}},"line":24},"2":{"name":"(anonymous_2)","decl":{"start":{"line":34,"column":12},"end":{"line":34,"column":13}},"loc":{"start":{"line":34,"column":18},"end":{"line":52,"column":5}},"line":34},"3":{"name":"(anonymous_3)","decl":{"start":{"line":36,"column":41},"end":{"line":36,"column":42}},"loc":{"start":{"line":36,"column":49},"end":{"line":50,"column":7}},"line":36},"4":{"name":"(anonymous_4)","decl":{"start":{"line":52,"column":13},"end":{"line":52,"column":14}},"loc":{"start":{"line":52,"column":20},"end":{"line":54,"column":5}},"line":52},"5":{"name":"(anonymous_5)","decl":{"start":{"line":57,"column":2},"end":{"line":57,"column":3}},"loc":{"start":{"line":57,"column":17},"end":{"line":66,"column":3}},"line":57},"6":{"name":"(anonymous_6)","decl":{"start":{"line":68,"column":2},"end":{"line":68,"column":3}},"loc":{"start":{"line":68,"column":19},"end":{"line":77,"column":3}},"line":68},"7":{"name":"(anonymous_7)","decl":{"start":{"line":79,"column":2},"end":{"line":79,"column":3}},"loc":{"start":{"line":79,"column":25},"end":{"line":85,"column":3}},"line":79},"8":{"name":"(anonymous_8)","decl":{"start":{"line":87,"column":2},"end":{"line":87,"column":3}},"loc":{"start":{"line":87,"column":11},"end":{"line":101,"column":3}},"line":87}},"branchMap":{"0":{"loc":{"start":{"line":26,"column":4},"end":{"line":28,"column":5}},"type":"if","locations":[{"start":{"line":26,"column":4},"end":{"line":28,"column":5}},{"start":{"line":26,"column":4},"end":{"line":28,"column":5}}],"line":26},"1":{"loc":{"start":{"line":29,"column":4},"end":{"line":31,"column":5}},"type":"if","locations":[{"start":{"line":29,"column":4},"end":{"line":31,"column":5}},{"start":{"line":29,"column":4},"end":{"line":31,"column":5}}],"line":29},"2":{"loc":{"start":{"line":29,"column":8},"end":{"line":29,"column":42}},"type":"binary-expr","locations":[{"start":{"line":29,"column":8},"end":{"line":29,"column":28}},{"start":{"line":29,"column":32},"end":{"line":29,"column":42}}],"line":29},"3":{"loc":{"start":{"line":37,"column":8},"end":{"line":49,"column":9}},"type":"if","locations":[{"start":{"line":37,"column":8},"end":{"line":49,"column":9}},{"start":{"line":37,"column":8},"end":{"line":49,"column":9}}],"line":37},"4":{"loc":{"start":{"line":43,"column":15},"end":{"line":49,"column":9}},"type":"if","locations":[{"start":{"line":43,"column":15},"end":{"line":49,"column":9}},{"start":{"line":43,"column":15},"end":{"line":49,"column":9}}],"line":43},"5":{"loc":{"start":{"line":43,"column":19},"end":{"line":43,"column":53}},"type":"binary-expr","locations":[{"start":{"line":43,"column":19},"end":{"line":43,"column":39}},{"start":{"line":43,"column":43},"end":{"line":43,"column":53}}],"line":43},"6":{"loc":{"start":{"line":58,"column":4},"end":{"line":65,"column":5}},"type":"if","locations":[{"start":{"line":58,"column":4},"end":{"line":65,"column":5}},{"start":{"line":58,"column":4},"end":{"line":65,"column":5}}],"line":58},"7":{"loc":{"start":{"line":69,"column":4},"end":{"line":76,"column":5}},"type":"if","locations":[{"start":{"line":69,"column":4},"end":{"line":76,"column":5}},{"start":{"line":69,"column":4},"end":{"line":76,"column":5}}],"line":69},"8":{"loc":{"start":{"line":80,"column":4},"end":{"line":84,"column":5}},"type":"if","locations":[{"start":{"line":80,"column":4},"end":{"line":84,"column":5}},{"start":{"line":80,"column":4},"end":{"line":84,"column":5}}],"line":80},"9":{"loc":{"start":{"line":81,"column":13},"end":{"line":81,"column":53}},"type":"cond-expr","locations":[{"start":{"line":81,"column":36},"end":{"line":81,"column":45}},{"start":{"line":81,"column":47},"end":{"line":81,"column":53}}],"line":81},"10":{"loc":{"start":{"line":82,"column":11},"end":{"line":84,"column":5}},"type":"if","locations":[{"start":{"line":82,"column":11},"end":{"line":84,"column":5}},{"start":{"line":82,"column":11},"end":{"line":84,"column":5}}],"line":82},"11":{"loc":{"start":{"line":83,"column":13},"end":{"line":83,"column":55}},"type":"cond-expr","locations":[{"start":{"line":83,"column":38},"end":{"line":83,"column":47}},{"start":{"line":83,"column":49},"end":{"line":83,"column":55}}],"line":83},"12":{"loc":{"start":{"line":88,"column":4},"end":{"line":100,"column":5}},"type":"if","locations":[{"start":{"line":88,"column":4},"end":{"line":100,"column":5}},{"start":{"line":88,"column":4},"end":{"line":100,"column":5}}],"line":88}},"s":{"0":1,"1":0,"2":0,"3":0,"4":0,"5":0,"6":0,"7":0,"8":0,"9":0,"10":0,"11":0,"12":0,"13":0,"14":0,"15":0,"16":0,"17":0,"18":0,"19":0,"20":0,"21":0,"22":0,"23":0,"24":0,"25":0,"26":0,"27":0,"28":0,"29":0},"f":{"0":0,"1":0,"2":0,"3":0,"4":0,"5":0,"6":0,"7":0,"8":0},"b":{"0":[0,0],"1":[0,0],"2":[0,0],"3":[0,0],"4":[0,0],"5":[0,0],"6":[0,0],"7":[0,0],"8":[0,0],"9":[0,0],"10":[0,0],"11":[0,0],"12":[0,0]},"_coverageSchema":"332fd63041d2c1bcb487cc26dd0d5f7d97098a6c","hash":"180b697641d3408f05b935ba5de3f0500734b0c4"}
,"/Users/cadenza/Documents/FEC/CadenQuestionsAnswers/client/components/Search.jsx": {"path":"/Users/cadenza/Documents/FEC/CadenQuestionsAnswers/client/components/Search.jsx","statementMap":{"0":{"start":{"line":4,"column":13},"end":{"line":10,"column":1}},"1":{"start":{"line":11,"column":14},"end":{"line":19,"column":1}},"2":{"start":{"line":22,"column":15},"end":{"line":38,"column":1}},"3":{"start":{"line":23,"column":2},"end":{"line":37,"column":3}},"4":{"start":{"line":24,"column":4},"end":{"line":29,"column":5}},"5":{"start":{"line":31,"column":4},"end":{"line":36,"column":5}}},"fnMap":{"0":{"name":"(anonymous_0)","decl":{"start":{"line":22,"column":15},"end":{"line":22,"column":16}},"loc":{"start":{"line":22,"column":26},"end":{"line":38,"column":1}},"line":22}},"branchMap":{"0":{"loc":{"start":{"line":23,"column":2},"end":{"line":37,"column":3}},"type":"if","locations":[{"start":{"line":23,"column":2},"end":{"line":37,"column":3}},{"start":{"line":23,"column":2},"end":{"line":37,"column":3}}],"line":23}},"s":{"0":1,"1":1,"2":1,"3":0,"4":0,"5":0},"f":{"0":0},"b":{"0":[0,0]},"_coverageSchema":"332fd63041d2c1bcb487cc26dd0d5f7d97098a6c","hash":"a9656fb6f4eb25f05a6a922dfe7aba2d68201783"}
,"/Users/cadenza/Documents/FEC/CadenQuestionsAnswers/client/components/Votes.jsx": {"path":"/Users/cadenza/Documents/FEC/CadenQuestionsAnswers/client/components/Votes.jsx","statementMap":{"0":{"start":{"line":4,"column":11},"end":{"line":9,"column":1}},"1":{"start":{"line":10,"column":11},"end":{"line":15,"column":1}},"2":{"start":{"line":17,"column":16},"end":{"line":22,"column":1}},"3":{"start":{"line":24,"column":16},"end":{"line":29,"column":1}},"4":{"start":{"line":31,"column":10},"end":{"line":34,"column":1}},"5":{"start":{"line":36,"column":14},"end":{"line":53,"column":1}},"6":{"start":{"line":37,"column":2},"end":{"line":52,"column":3}}},"fnMap":{"0":{"name":"(anonymous_0)","decl":{"start":{"line":36,"column":14},"end":{"line":36,"column":15}},"loc":{"start":{"line":36,"column":25},"end":{"line":53,"column":1}},"line":36}},"branchMap":{"0":{"loc":{"start":{"line":43,"column":9},"end":{"line":43,"column":25}},"type":"binary-expr","locations":[{"start":{"line":43,"column":9},"end":{"line":43,"column":20}},{"start":{"line":43,"column":24},"end":{"line":43,"column":25}}],"line":43}},"s":{"0":1,"1":1,"2":1,"3":1,"4":1,"5":1,"6":0},"f":{"0":0},"b":{"0":[0,0]},"_coverageSchema":"332fd63041d2c1bcb487cc26dd0d5f7d97098a6c","hash":"a6feb91328e21c08be3253abf4fc692d57c12aca"}
}
